<?xml version="1.0" encoding="UTF-8"?>
<testsuite xmlns:xsi="http://www.w3.org/2001/XMLSchema-instance" xsi:noNamespaceSchemaLocation="https://maven.apache.org/surefire/maven-surefire-plugin/xsd/surefire-test-report-3.0.xsd" version="3.0" name="com.mbr.qa.testRunner.TestRunner" time="0.636" tests="4" errors="0" skipped="0" failures="2">
  <properties>
    <property name="java.specification.version" value="16"/>
    <property name="sun.cpu.isalist" value="amd64"/>
    <property name="sun.jnu.encoding" value="Cp1252"/>
    <property name="java.class.path" value="C:\Kuldeep\Framework\target\test-classes;C:\Kuldeep\Framework\target\classes;C:\Users\poonikam\.m2\repository\io\cucumber\cucumber-java\7.1.0\cucumber-java-7.1.0.jar;C:\Users\poonikam\.m2\repository\org\apiguardian\apiguardian-api\1.1.2\apiguardian-api-1.1.2.jar;C:\Users\poonikam\.m2\repository\org\junit\jupiter\junit-jupiter-api\5.8.2\junit-jupiter-api-5.8.2.jar;C:\Users\poonikam\.m2\repository\org\opentest4j\opentest4j\1.2.0\opentest4j-1.2.0.jar;C:\Users\poonikam\.m2\repository\org\junit\platform\junit-platform-commons\1.8.2\junit-platform-commons-1.8.2.jar;C:\Users\poonikam\.m2\repository\org\hamcrest\hamcrest-core\2.2\hamcrest-core-2.2.jar;C:\Users\poonikam\.m2\repository\org\hamcrest\hamcrest\2.2\hamcrest-2.2.jar;C:\Users\poonikam\.m2\repository\io\cucumber\gherkin\22.0.0\gherkin-22.0.0.jar;C:\Users\poonikam\.m2\repository\io\cucumber\messages\17.1.1\messages-17.1.1.jar;C:\Users\poonikam\.m2\repository\io\rest-assured\rest-assured\4.4.0\rest-assured-4.4.0.jar;C:\Users\poonikam\.m2\repository\org\codehaus\groovy\groovy\3.0.8\groovy-3.0.8.jar;C:\Users\poonikam\.m2\repository\org\codehaus\groovy\groovy-xml\3.0.8\groovy-xml-3.0.8.jar;C:\Users\poonikam\.m2\repository\org\apache\httpcomponents\httpclient\4.5.13\httpclient-4.5.13.jar;C:\Users\poonikam\.m2\repository\org\apache\httpcomponents\httpcore\4.4.13\httpcore-4.4.13.jar;C:\Users\poonikam\.m2\repository\commons-logging\commons-logging\1.2\commons-logging-1.2.jar;C:\Users\poonikam\.m2\repository\commons-codec\commons-codec\1.11\commons-codec-1.11.jar;C:\Users\poonikam\.m2\repository\org\apache\httpcomponents\httpmime\4.5.13\httpmime-4.5.13.jar;C:\Users\poonikam\.m2\repository\org\ccil\cowan\tagsoup\tagsoup\1.2.1\tagsoup-1.2.1.jar;C:\Users\poonikam\.m2\repository\io\rest-assured\json-path\4.4.0\json-path-4.4.0.jar;C:\Users\poonikam\.m2\repository\org\codehaus\groovy\groovy-json\3.0.8\groovy-json-3.0.8.jar;C:\Users\poonikam\.m2\repository\io\rest-assured\rest-assured-common\4.4.0\rest-assured-common-4.4.0.jar;C:\Users\poonikam\.m2\repository\io\rest-assured\xml-path\4.4.0\xml-path-4.4.0.jar;C:\Users\poonikam\.m2\repository\org\apache\commons\commons-lang3\3.11\commons-lang3-3.11.jar;C:\Users\poonikam\.m2\repository\jakarta\xml\bind\jakarta.xml.bind-api\2.3.3\jakarta.xml.bind-api-2.3.3.jar;C:\Users\poonikam\.m2\repository\jakarta\activation\jakarta.activation-api\1.2.2\jakarta.activation-api-1.2.2.jar;C:\Users\poonikam\.m2\repository\com\sun\xml\bind\jaxb-impl\2.3.3\jaxb-impl-2.3.3.jar;C:\Users\poonikam\.m2\repository\io\qameta\allure\allure-junit5\2.17.2\allure-junit5-2.17.2.jar;C:\Users\poonikam\.m2\repository\io\qameta\allure\allure-junit-platform\2.17.2\allure-junit-platform-2.17.2.jar;C:\Users\poonikam\.m2\repository\io\qameta\allure\allure-test-filter\2.17.2\allure-test-filter-2.17.2.jar;C:\Users\poonikam\.m2\repository\org\junit\platform\junit-platform-launcher\1.8.2\junit-platform-launcher-1.8.2.jar;C:\Users\poonikam\.m2\repository\org\junit\platform\junit-platform-engine\1.8.2\junit-platform-engine-1.8.2.jar;C:\Users\poonikam\.m2\repository\io\qameta\allure\allure-cucumber7-jvm\2.17.2\allure-cucumber7-jvm-2.17.2.jar;C:\Users\poonikam\.m2\repository\io\qameta\allure\allure-java-commons\2.17.2\allure-java-commons-2.17.2.jar;C:\Users\poonikam\.m2\repository\io\qameta\allure\allure-model\2.17.2\allure-model-2.17.2.jar;C:\Users\poonikam\.m2\repository\io\github\bonigarcia\webdrivermanager\5.0.3\webdrivermanager-5.0.3.jar;C:\Users\poonikam\.m2\repository\org\slf4j\slf4j-api\1.7.32\slf4j-api-1.7.32.jar;C:\Users\poonikam\.m2\repository\com\google\code\gson\gson\2.8.8\gson-2.8.8.jar;C:\Users\poonikam\.m2\repository\org\jsoup\jsoup\1.14.2\jsoup-1.14.2.jar;C:\Users\poonikam\.m2\repository\com\github\docker-java\docker-java\3.2.12\docker-java-3.2.12.jar;C:\Users\poonikam\.m2\repository\com\github\docker-java\docker-java-core\3.2.12\docker-java-core-3.2.12.jar;C:\Users\poonikam\.m2\repository\com\github\docker-java\docker-java-api\3.2.12\docker-java-api-3.2.12.jar;C:\Users\poonikam\.m2\repository\com\fasterxml\jackson\core\jackson-annotations\2.10.3\jackson-annotations-2.10.3.jar;C:\Users\poonikam\.m2\repository\commons-io\commons-io\2.6\commons-io-2.6.jar;C:\Users\poonikam\.m2\repository\org\apache\commons\commons-compress\1.21\commons-compress-1.21.jar;C:\Users\poonikam\.m2\repository\commons-lang\commons-lang\2.6\commons-lang-2.6.jar;C:\Users\poonikam\.m2\repository\com\fasterxml\jackson\core\jackson-databind\2.10.3\jackson-databind-2.10.3.jar;C:\Users\poonikam\.m2\repository\com\fasterxml\jackson\core\jackson-core\2.10.3\jackson-core-2.10.3.jar;C:\Users\poonikam\.m2\repository\org\bouncycastle\bcpkix-jdk15on\1.64\bcpkix-jdk15on-1.64.jar;C:\Users\poonikam\.m2\repository\org\bouncycastle\bcprov-jdk15on\1.64\bcprov-jdk15on-1.64.jar;C:\Users\poonikam\.m2\repository\org\slf4j\jcl-over-slf4j\1.7.30\jcl-over-slf4j-1.7.30.jar;C:\Users\poonikam\.m2\repository\com\github\docker-java\docker-java-transport-httpclient5\3.2.12\docker-java-transport-httpclient5-3.2.12.jar;C:\Users\poonikam\.m2\repository\com\github\docker-java\docker-java-transport\3.2.12\docker-java-transport-3.2.12.jar;C:\Users\poonikam\.m2\repository\org\apache\httpcomponents\client5\httpclient5\5.0.3\httpclient5-5.0.3.jar;C:\Users\poonikam\.m2\repository\org\apache\httpcomponents\core5\httpcore5\5.0.2\httpcore5-5.0.2.jar;C:\Users\poonikam\.m2\repository\net\java\dev\jna\jna\5.8.0\jna-5.8.0.jar;C:\Users\poonikam\.m2\repository\com\google\guava\guava\30.1.1-jre\guava-30.1.1-jre.jar;C:\Users\poonikam\.m2\repository\com\google\guava\failureaccess\1.0.1\failureaccess-1.0.1.jar;C:\Users\poonikam\.m2\repository\com\google\guava\listenablefuture\9999.0-empty-to-avoid-conflict-with-guava\listenablefuture-9999.0-empty-to-avoid-conflict-with-guava.jar;C:\Users\poonikam\.m2\repository\com\google\code\findbugs\jsr305\3.0.2\jsr305-3.0.2.jar;C:\Users\poonikam\.m2\repository\org\checkerframework\checker-qual\3.8.0\checker-qual-3.8.0.jar;C:\Users\poonikam\.m2\repository\com\google\errorprone\error_prone_annotations\2.5.1\error_prone_annotations-2.5.1.jar;C:\Users\poonikam\.m2\repository\com\google\j2objc\j2objc-annotations\1.3\j2objc-annotations-1.3.jar;C:\Users\poonikam\.m2\repository\org\brotli\dec\0.1.2\dec-0.1.2.jar;C:\Users\poonikam\.m2\repository\io\cucumber\cucumber-junit\7.1.0\cucumber-junit-7.1.0.jar;C:\Users\poonikam\.m2\repository\junit\junit\4.13.2\junit-4.13.2.jar;C:\Users\poonikam\.m2\repository\io\cucumber\cucumber-core\7.1.0\cucumber-core-7.1.0.jar;C:\Users\poonikam\.m2\repository\io\cucumber\cucumber-gherkin\7.1.0\cucumber-gherkin-7.1.0.jar;C:\Users\poonikam\.m2\repository\io\cucumber\cucumber-gherkin-messages\7.1.0\cucumber-gherkin-messages-7.1.0.jar;C:\Users\poonikam\.m2\repository\io\cucumber\tag-expressions\4.1.0\tag-expressions-4.1.0.jar;C:\Users\poonikam\.m2\repository\io\cucumber\cucumber-expressions\13.0.1\cucumber-expressions-13.0.1.jar;C:\Users\poonikam\.m2\repository\io\cucumber\datatable\7.1.0\datatable-7.1.0.jar;C:\Users\poonikam\.m2\repository\io\cucumber\cucumber-plugin\7.1.0\cucumber-plugin-7.1.0.jar;C:\Users\poonikam\.m2\repository\io\cucumber\docstring\7.1.0\docstring-7.1.0.jar;C:\Users\poonikam\.m2\repository\io\cucumber\html-formatter\17.0.0\html-formatter-17.0.0.jar;C:\Users\poonikam\.m2\repository\io\cucumber\create-meta\6.0.4\create-meta-6.0.4.jar;C:\Users\poonikam\.m2\repository\io\cucumber\cucumber-jvm-deps\1.0.6\cucumber-jvm-deps-1.0.6.jar;C:\Users\poonikam\.m2\repository\org\slf4j\slf4j-simple\1.7.21\slf4j-simple-1.7.21.jar;"/>
    <property name="java.vm.vendor" value="Oracle Corporation"/>
    <property name="sun.arch.data.model" value="64"/>
    <property name="user.variant" value=""/>
    <property name="java.vendor.url" value="https://java.oracle.com/"/>
    <property name="user.timezone" value="Asia/Calcutta"/>
    <property name="os.name" value="Windows 10"/>
    <property name="java.vm.specification.version" value="16"/>
    <property name="sun.java.launcher" value="SUN_STANDARD"/>
    <property name="user.country" value="IN"/>
    <property name="sun.boot.library.path" value="C:\Program Files\Java\jdk-16\bin"/>
    <property name="sun.java.command" value="C:\Users\poonikam\AppData\Local\Temp\surefire15002032796595864564\surefirebooter6214887982979869457.jar C:\Users\poonikam\AppData\Local\Temp\surefire15002032796595864564 2022-01-18T19-05-21_525-jvmRun1 surefire11702688438590982482tmp surefire_014440397586549659485tmp"/>
    <property name="jdk.debug" value="release"/>
    <property name="surefire.test.class.path" value="C:\Kuldeep\Framework\target\test-classes;C:\Kuldeep\Framework\target\classes;C:\Users\poonikam\.m2\repository\io\cucumber\cucumber-java\7.1.0\cucumber-java-7.1.0.jar;C:\Users\poonikam\.m2\repository\org\apiguardian\apiguardian-api\1.1.2\apiguardian-api-1.1.2.jar;C:\Users\poonikam\.m2\repository\org\junit\jupiter\junit-jupiter-api\5.8.2\junit-jupiter-api-5.8.2.jar;C:\Users\poonikam\.m2\repository\org\opentest4j\opentest4j\1.2.0\opentest4j-1.2.0.jar;C:\Users\poonikam\.m2\repository\org\junit\platform\junit-platform-commons\1.8.2\junit-platform-commons-1.8.2.jar;C:\Users\poonikam\.m2\repository\org\hamcrest\hamcrest-core\2.2\hamcrest-core-2.2.jar;C:\Users\poonikam\.m2\repository\org\hamcrest\hamcrest\2.2\hamcrest-2.2.jar;C:\Users\poonikam\.m2\repository\io\cucumber\gherkin\22.0.0\gherkin-22.0.0.jar;C:\Users\poonikam\.m2\repository\io\cucumber\messages\17.1.1\messages-17.1.1.jar;C:\Users\poonikam\.m2\repository\io\rest-assured\rest-assured\4.4.0\rest-assured-4.4.0.jar;C:\Users\poonikam\.m2\repository\org\codehaus\groovy\groovy\3.0.8\groovy-3.0.8.jar;C:\Users\poonikam\.m2\repository\org\codehaus\groovy\groovy-xml\3.0.8\groovy-xml-3.0.8.jar;C:\Users\poonikam\.m2\repository\org\apache\httpcomponents\httpclient\4.5.13\httpclient-4.5.13.jar;C:\Users\poonikam\.m2\repository\org\apache\httpcomponents\httpcore\4.4.13\httpcore-4.4.13.jar;C:\Users\poonikam\.m2\repository\commons-logging\commons-logging\1.2\commons-logging-1.2.jar;C:\Users\poonikam\.m2\repository\commons-codec\commons-codec\1.11\commons-codec-1.11.jar;C:\Users\poonikam\.m2\repository\org\apache\httpcomponents\httpmime\4.5.13\httpmime-4.5.13.jar;C:\Users\poonikam\.m2\repository\org\ccil\cowan\tagsoup\tagsoup\1.2.1\tagsoup-1.2.1.jar;C:\Users\poonikam\.m2\repository\io\rest-assured\json-path\4.4.0\json-path-4.4.0.jar;C:\Users\poonikam\.m2\repository\org\codehaus\groovy\groovy-json\3.0.8\groovy-json-3.0.8.jar;C:\Users\poonikam\.m2\repository\io\rest-assured\rest-assured-common\4.4.0\rest-assured-common-4.4.0.jar;C:\Users\poonikam\.m2\repository\io\rest-assured\xml-path\4.4.0\xml-path-4.4.0.jar;C:\Users\poonikam\.m2\repository\org\apache\commons\commons-lang3\3.11\commons-lang3-3.11.jar;C:\Users\poonikam\.m2\repository\jakarta\xml\bind\jakarta.xml.bind-api\2.3.3\jakarta.xml.bind-api-2.3.3.jar;C:\Users\poonikam\.m2\repository\jakarta\activation\jakarta.activation-api\1.2.2\jakarta.activation-api-1.2.2.jar;C:\Users\poonikam\.m2\repository\com\sun\xml\bind\jaxb-impl\2.3.3\jaxb-impl-2.3.3.jar;C:\Users\poonikam\.m2\repository\io\qameta\allure\allure-junit5\2.17.2\allure-junit5-2.17.2.jar;C:\Users\poonikam\.m2\repository\io\qameta\allure\allure-junit-platform\2.17.2\allure-junit-platform-2.17.2.jar;C:\Users\poonikam\.m2\repository\io\qameta\allure\allure-test-filter\2.17.2\allure-test-filter-2.17.2.jar;C:\Users\poonikam\.m2\repository\org\junit\platform\junit-platform-launcher\1.8.2\junit-platform-launcher-1.8.2.jar;C:\Users\poonikam\.m2\repository\org\junit\platform\junit-platform-engine\1.8.2\junit-platform-engine-1.8.2.jar;C:\Users\poonikam\.m2\repository\io\qameta\allure\allure-cucumber7-jvm\2.17.2\allure-cucumber7-jvm-2.17.2.jar;C:\Users\poonikam\.m2\repository\io\qameta\allure\allure-java-commons\2.17.2\allure-java-commons-2.17.2.jar;C:\Users\poonikam\.m2\repository\io\qameta\allure\allure-model\2.17.2\allure-model-2.17.2.jar;C:\Users\poonikam\.m2\repository\io\github\bonigarcia\webdrivermanager\5.0.3\webdrivermanager-5.0.3.jar;C:\Users\poonikam\.m2\repository\org\slf4j\slf4j-api\1.7.32\slf4j-api-1.7.32.jar;C:\Users\poonikam\.m2\repository\com\google\code\gson\gson\2.8.8\gson-2.8.8.jar;C:\Users\poonikam\.m2\repository\org\jsoup\jsoup\1.14.2\jsoup-1.14.2.jar;C:\Users\poonikam\.m2\repository\com\github\docker-java\docker-java\3.2.12\docker-java-3.2.12.jar;C:\Users\poonikam\.m2\repository\com\github\docker-java\docker-java-core\3.2.12\docker-java-core-3.2.12.jar;C:\Users\poonikam\.m2\repository\com\github\docker-java\docker-java-api\3.2.12\docker-java-api-3.2.12.jar;C:\Users\poonikam\.m2\repository\com\fasterxml\jackson\core\jackson-annotations\2.10.3\jackson-annotations-2.10.3.jar;C:\Users\poonikam\.m2\repository\commons-io\commons-io\2.6\commons-io-2.6.jar;C:\Users\poonikam\.m2\repository\org\apache\commons\commons-compress\1.21\commons-compress-1.21.jar;C:\Users\poonikam\.m2\repository\commons-lang\commons-lang\2.6\commons-lang-2.6.jar;C:\Users\poonikam\.m2\repository\com\fasterxml\jackson\core\jackson-databind\2.10.3\jackson-databind-2.10.3.jar;C:\Users\poonikam\.m2\repository\com\fasterxml\jackson\core\jackson-core\2.10.3\jackson-core-2.10.3.jar;C:\Users\poonikam\.m2\repository\org\bouncycastle\bcpkix-jdk15on\1.64\bcpkix-jdk15on-1.64.jar;C:\Users\poonikam\.m2\repository\org\bouncycastle\bcprov-jdk15on\1.64\bcprov-jdk15on-1.64.jar;C:\Users\poonikam\.m2\repository\org\slf4j\jcl-over-slf4j\1.7.30\jcl-over-slf4j-1.7.30.jar;C:\Users\poonikam\.m2\repository\com\github\docker-java\docker-java-transport-httpclient5\3.2.12\docker-java-transport-httpclient5-3.2.12.jar;C:\Users\poonikam\.m2\repository\com\github\docker-java\docker-java-transport\3.2.12\docker-java-transport-3.2.12.jar;C:\Users\poonikam\.m2\repository\org\apache\httpcomponents\client5\httpclient5\5.0.3\httpclient5-5.0.3.jar;C:\Users\poonikam\.m2\repository\org\apache\httpcomponents\core5\httpcore5\5.0.2\httpcore5-5.0.2.jar;C:\Users\poonikam\.m2\repository\net\java\dev\jna\jna\5.8.0\jna-5.8.0.jar;C:\Users\poonikam\.m2\repository\com\google\guava\guava\30.1.1-jre\guava-30.1.1-jre.jar;C:\Users\poonikam\.m2\repository\com\google\guava\failureaccess\1.0.1\failureaccess-1.0.1.jar;C:\Users\poonikam\.m2\repository\com\google\guava\listenablefuture\9999.0-empty-to-avoid-conflict-with-guava\listenablefuture-9999.0-empty-to-avoid-conflict-with-guava.jar;C:\Users\poonikam\.m2\repository\com\google\code\findbugs\jsr305\3.0.2\jsr305-3.0.2.jar;C:\Users\poonikam\.m2\repository\org\checkerframework\checker-qual\3.8.0\checker-qual-3.8.0.jar;C:\Users\poonikam\.m2\repository\com\google\errorprone\error_prone_annotations\2.5.1\error_prone_annotations-2.5.1.jar;C:\Users\poonikam\.m2\repository\com\google\j2objc\j2objc-annotations\1.3\j2objc-annotations-1.3.jar;C:\Users\poonikam\.m2\repository\org\brotli\dec\0.1.2\dec-0.1.2.jar;C:\Users\poonikam\.m2\repository\io\cucumber\cucumber-junit\7.1.0\cucumber-junit-7.1.0.jar;C:\Users\poonikam\.m2\repository\junit\junit\4.13.2\junit-4.13.2.jar;C:\Users\poonikam\.m2\repository\io\cucumber\cucumber-core\7.1.0\cucumber-core-7.1.0.jar;C:\Users\poonikam\.m2\repository\io\cucumber\cucumber-gherkin\7.1.0\cucumber-gherkin-7.1.0.jar;C:\Users\poonikam\.m2\repository\io\cucumber\cucumber-gherkin-messages\7.1.0\cucumber-gherkin-messages-7.1.0.jar;C:\Users\poonikam\.m2\repository\io\cucumber\tag-expressions\4.1.0\tag-expressions-4.1.0.jar;C:\Users\poonikam\.m2\repository\io\cucumber\cucumber-expressions\13.0.1\cucumber-expressions-13.0.1.jar;C:\Users\poonikam\.m2\repository\io\cucumber\datatable\7.1.0\datatable-7.1.0.jar;C:\Users\poonikam\.m2\repository\io\cucumber\cucumber-plugin\7.1.0\cucumber-plugin-7.1.0.jar;C:\Users\poonikam\.m2\repository\io\cucumber\docstring\7.1.0\docstring-7.1.0.jar;C:\Users\poonikam\.m2\repository\io\cucumber\html-formatter\17.0.0\html-formatter-17.0.0.jar;C:\Users\poonikam\.m2\repository\io\cucumber\create-meta\6.0.4\create-meta-6.0.4.jar;C:\Users\poonikam\.m2\repository\io\cucumber\cucumber-jvm-deps\1.0.6\cucumber-jvm-deps-1.0.6.jar;C:\Users\poonikam\.m2\repository\org\slf4j\slf4j-simple\1.7.21\slf4j-simple-1.7.21.jar;"/>
    <property name="sun.cpu.endian" value="little"/>
    <property name="user.home" value="C:\Users\poonikam"/>
    <property name="user.language" value="en"/>
    <property name="java.specification.vendor" value="Oracle Corporation"/>
    <property name="java.version.date" value="2021-03-16"/>
    <property name="java.home" value="C:\Program Files\Java\jdk-16"/>
    <property name="file.separator" value="\"/>
    <property name="basedir" value="C:\Kuldeep\Framework"/>
    <property name="java.vm.compressedOopsMode" value="Zero based"/>
    <property name="line.separator" value="&#10;"/>
    <property name="java.vm.specification.vendor" value="Oracle Corporation"/>
    <property name="java.specification.name" value="Java Platform API Specification"/>
    <property name="surefire.real.class.path" value="C:\Users\poonikam\AppData\Local\Temp\surefire15002032796595864564\surefirebooter6214887982979869457.jar"/>
    <property name="user.script" value=""/>
    <property name="sun.management.compiler" value="HotSpot 64-Bit Tiered Compilers"/>
    <property name="java.runtime.version" value="16+36-2231"/>
    <property name="user.name" value="poonikam"/>
    <property name="path.separator" value=";"/>
    <property name="os.version" value="10.0"/>
    <property name="java.runtime.name" value="Java(TM) SE Runtime Environment"/>
    <property name="file.encoding" value="Cp1252"/>
    <property name="java.vm.name" value="Java HotSpot(TM) 64-Bit Server VM"/>
    <property name="localRepository" value="C:\Users\poonikam\.m2\repository"/>
    <property name="cucumber.options" value="--tags @Smoke"/>
    <property name="java.vendor.url.bug" value="https://bugreport.java.com/bugreport/"/>
    <property name="java.io.tmpdir" value="C:\Users\poonikam\AppData\Local\Temp\"/>
    <property name="java.version" value="16"/>
    <property name="user.dir" value="C:\Kuldeep\Framework"/>
    <property name="os.arch" value="amd64"/>
    <property name="java.vm.specification.name" value="Java Virtual Machine Specification"/>
    <property name="sun.os.patch.level" value=""/>
    <property name="java.library.path" value="C:\Program Files\Java\jdk-16\bin;C:\WINDOWS\Sun\Java\bin;C:\WINDOWS\system32;C:\WINDOWS;C:\Program Files\Common Files\Oracle\Java\javapath;C:\Program Files (x86)\Common Files\Oracle\Java\javapath;C:\Program Files\Eclipse Foundation\jdk-11.0.12.7-hotspot\bin;C:\WINDOWS\system32;C:\WINDOWS;C:\WINDOWS\System32\Wbem;C:\WINDOWS\System32\WindowsPowerShell\v1.0\;C:\WINDOWS\System32\OpenSSH\;C:\Program Files\nodejs\;C:\Program Files\apache-maven-3.8.4\bin;C:\Program Files\allure-commandline-2.17.2\allure-2.17.2\bin;C:\Program Files\allure-2.17.2\bin;C:\Users\poonikam\AppData\Local\Microsoft\WindowsApps;;."/>
    <property name="java.vm.info" value="mixed mode, sharing"/>
    <property name="java.vendor" value="Oracle Corporation"/>
    <property name="java.vm.version" value="16+36-2231"/>
    <property name="sun.io.unicode.encoding" value="UnicodeLittle"/>
    <property name="java.class.version" value="60.0"/>
  </properties>
  <testcase name="TESTID_001_FirstTest" classname="Test Calender functionality for MBRD" time="0.498">
    <failure type="java.lang.AssertionError"><![CDATA[java.lang.AssertionError: expected:<1> but was:<0>
]]></failure>
    <system-out><![CDATA[
Scenario: TESTID_001_FirstTest                # src/test/resources/features/calender/calender.feature:4
step 1
url
{implicitWait=60, path=C:UsersISMAHENDDownloadschromedriver_win32chromedriver.exe, pageLoadWait=120, url=https://reqres.inbrowser:chrome}
  Given I launch the Calender                 # com.mbr.qa.steps.MyStepdefs.iLaunchTheCalender()
step 2
  When I perform GET call with given endpoint # com.mbr.qa.steps.MyStepdefs.iPerformGETCallWithGivenEndpoint()
step 3
Debugging Message111
  Then I get responce                         # com.mbr.qa.steps.MyStepdefs.iGetResponce()
      java.lang.AssertionError: expected:<1> but was:<0>
	at org.junit.Assert.fail(Assert.java:89)
	at org.junit.Assert.failNotEquals(Assert.java:835)
	at org.junit.Assert.assertEquals(Assert.java:647)
	at org.junit.Assert.assertEquals(Assert.java:633)
	at com.mbr.qa.steps.MyStepdefs.iGetResponce(MyStepdefs.java:56)
	at âœ½.I get responce(file:///C:/Kuldeep/Framework/src/test/resources/features/calender/calender.feature:7)

]]></system-out>
  </testcase>
  <testcase name="SRA131_Calender_Check_Calender meeting is added #1" classname="Test Calender functionality for MBRD" time="0.012">
    <system-out><![CDATA[
Scenario: SRA131_Calender_Check_Calender meeting is added # src/test/resources/features/calender/calender.feature:10
step 1
url
{implicitWait=60, path=C:UsersISMAHENDDownloadschromedriver_win32chromedriver.exe, pageLoadWait=120, url=https://reqres.inbrowser:chrome}
  Given I launch the Calender                             # com.mbr.qa.steps.MyStepdefs.iLaunchTheCalender()
step 2
  When I perform GET call with given endpoint             # com.mbr.qa.steps.MyStepdefs.iPerformGETCallWithGivenEndpoint()
]]></system-out>
  </testcase>
  <testcase name="SRA131_Calender_Check_Calender meeting is added #2" classname="Test Calender functionality for MBRD" time="0.023">
    <system-out><![CDATA[
Scenario: SRA131_Calender_Check_Calender meeting is added # src/test/resources/features/calender/calender.feature:15
step 1
url
{implicitWait=60, path=C:UsersISMAHENDDownloadschromedriver_win32chromedriver.exe, pageLoadWait=120, url=https://reqres.inbrowser:chrome}
  Given I launch the Calender                             # com.mbr.qa.steps.MyStepdefs.iLaunchTheCalender()
step 2
  When I perform GET call with given endpoint             # com.mbr.qa.steps.MyStepdefs.iPerformGETCallWithGivenEndpoint()
]]></system-out>
  </testcase>
  <testcase name="SRA131_Calender_Check_Calender meeting is added #3" classname="Test Calender functionality for MBRD" time="0.014">
    <failure type="java.lang.AssertionError"><![CDATA[java.lang.AssertionError: expected:<1> but was:<0>
]]></failure>
    <system-out><![CDATA[
@Smoke
Scenario: SRA131_Calender_Check_Calender meeting is added # src/test/resources/features/calender/calender.feature:20
step 1
url
{implicitWait=60, path=C:UsersISMAHENDDownloadschromedriver_win32chromedriver.exe, pageLoadWait=120, url=https://reqres.inbrowser:chrome}
  Given I launch the Calender                             # com.mbr.qa.steps.MyStepdefs.iLaunchTheCalender()
step 2
  When I perform GET call with given endpoint             # com.mbr.qa.steps.MyStepdefs.iPerformGETCallWithGivenEndpoint()
step 3
Debugging Message111
  Then I get responce                                     # com.mbr.qa.steps.MyStepdefs.iGetResponce()
      java.lang.AssertionError: expected:<1> but was:<0>
	at org.junit.Assert.fail(Assert.java:89)
	at org.junit.Assert.failNotEquals(Assert.java:835)
	at org.junit.Assert.assertEquals(Assert.java:647)
	at org.junit.Assert.assertEquals(Assert.java:633)
	at com.mbr.qa.steps.MyStepdefs.iGetResponce(MyStepdefs.java:56)
	at âœ½.I get responce(file:///C:/Kuldeep/Framework/src/test/resources/features/calender/calender.feature:23)

]]></system-out>
  </testcase>
</testsuite>